[INFO  - 2018-01-20T11:00:03.364Z] GhostDriver - Main - running on port 16727
[INFO  - 2018-01-20T11:00:03.998Z] Session [11651980-fdd1-11e7-baab-41d6c1efdd9c] - page.settings - {"XSSAuditingEnabled":false,"javascriptCanCloseWindows":true,"javascriptCanOpenWindows":true,"javascriptEnabled":true,"loadImages":true,"localToRemoteUrlAccessEnabled":false,"userAgent":"Mozilla/5.0 (Windows NT 6.2; WOW64) AppleWebKit/538.1 (KHTML, like Gecko) PhantomJS/2.1.1 Safari/538.1","webSecurityEnabled":true}
[INFO  - 2018-01-20T11:00:03.998Z] Session [11651980-fdd1-11e7-baab-41d6c1efdd9c] - page.customHeaders:  - {}
[INFO  - 2018-01-20T11:00:03.999Z] Session [11651980-fdd1-11e7-baab-41d6c1efdd9c] - Session.negotiatedCapabilities - {"browserName":"phantomjs","version":"2.1.1","driverName":"ghostdriver","driverVersion":"1.2.0","platform":"windows-10-32bit","javascriptEnabled":true,"takesScreenshot":true,"handlesAlerts":false,"databaseEnabled":false,"locationContextEnabled":false,"applicationCacheEnabled":false,"browserConnectionEnabled":false,"cssSelectorsEnabled":true,"webStorageEnabled":false,"rotatable":false,"acceptSslCerts":false,"nativeEvents":true,"proxy":{"proxyType":"direct"}}
[INFO  - 2018-01-20T11:00:04.000Z] SessionManagerReqHand - _postNewSessionCommand - New Session Created: 11651980-fdd1-11e7-baab-41d6c1efdd9c
[INFO  - 2018-01-20T11:00:22.836Z] GhostDriver - Main - running on port 45007
[INFO  - 2018-01-20T11:00:23.092Z] Session [1cc69ce0-fdd1-11e7-b99e-7b1dd218b6e8] - page.settings - {"XSSAuditingEnabled":false,"javascriptCanCloseWindows":true,"javascriptCanOpenWindows":true,"javascriptEnabled":true,"loadImages":true,"localToRemoteUrlAccessEnabled":false,"userAgent":"Mozilla/5.0 (Windows NT 6.2; WOW64) AppleWebKit/538.1 (KHTML, like Gecko) PhantomJS/2.1.1 Safari/538.1","webSecurityEnabled":true}
[INFO  - 2018-01-20T11:00:23.092Z] Session [1cc69ce0-fdd1-11e7-b99e-7b1dd218b6e8] - page.customHeaders:  - {}
[INFO  - 2018-01-20T11:00:23.092Z] Session [1cc69ce0-fdd1-11e7-b99e-7b1dd218b6e8] - Session.negotiatedCapabilities - {"browserName":"phantomjs","version":"2.1.1","driverName":"ghostdriver","driverVersion":"1.2.0","platform":"windows-10-32bit","javascriptEnabled":true,"takesScreenshot":true,"handlesAlerts":false,"databaseEnabled":false,"locationContextEnabled":false,"applicationCacheEnabled":false,"browserConnectionEnabled":false,"cssSelectorsEnabled":true,"webStorageEnabled":false,"rotatable":false,"acceptSslCerts":false,"nativeEvents":true,"proxy":{"proxyType":"direct"}}
[INFO  - 2018-01-20T11:00:23.092Z] SessionManagerReqHand - _postNewSessionCommand - New Session Created: 1cc69ce0-fdd1-11e7-b99e-7b1dd218b6e8
[INFO  - 2018-01-20T11:01:48.946Z] GhostDriver - Main - running on port 15232
[INFO  - 2018-01-20T11:01:49.261Z] Session [5022f570-fdd1-11e7-b306-8b5a106c455a] - page.settings - {"XSSAuditingEnabled":false,"javascriptCanCloseWindows":true,"javascriptCanOpenWindows":true,"javascriptEnabled":true,"loadImages":true,"localToRemoteUrlAccessEnabled":false,"userAgent":"Mozilla/5.0 (Windows NT 6.2; WOW64) AppleWebKit/538.1 (KHTML, like Gecko) PhantomJS/2.1.1 Safari/538.1","webSecurityEnabled":true}
[INFO  - 2018-01-20T11:01:49.261Z] Session [5022f570-fdd1-11e7-b306-8b5a106c455a] - page.customHeaders:  - {}
[INFO  - 2018-01-20T11:01:49.262Z] Session [5022f570-fdd1-11e7-b306-8b5a106c455a] - Session.negotiatedCapabilities - {"browserName":"phantomjs","version":"2.1.1","driverName":"ghostdriver","driverVersion":"1.2.0","platform":"windows-10-32bit","javascriptEnabled":true,"takesScreenshot":true,"handlesAlerts":false,"databaseEnabled":false,"locationContextEnabled":false,"applicationCacheEnabled":false,"browserConnectionEnabled":false,"cssSelectorsEnabled":true,"webStorageEnabled":false,"rotatable":false,"acceptSslCerts":false,"nativeEvents":true,"proxy":{"proxyType":"direct"}}
[INFO  - 2018-01-20T11:01:49.262Z] SessionManagerReqHand - _postNewSessionCommand - New Session Created: 5022f570-fdd1-11e7-b306-8b5a106c455a
[INFO  - 2018-01-20T11:07:52.348Z] GhostDriver - Main - running on port 4418
[INFO  - 2018-01-20T11:07:52.682Z] Session [28c09a40-fdd2-11e7-b851-edcb2da59a0a] - page.settings - {"XSSAuditingEnabled":false,"javascriptCanCloseWindows":true,"javascriptCanOpenWindows":true,"javascriptEnabled":true,"loadImages":true,"localToRemoteUrlAccessEnabled":false,"userAgent":"Mozilla/5.0 (Windows NT 6.2; WOW64) AppleWebKit/538.1 (KHTML, like Gecko) PhantomJS/2.1.1 Safari/538.1","webSecurityEnabled":true}
[INFO  - 2018-01-20T11:07:52.683Z] Session [28c09a40-fdd2-11e7-b851-edcb2da59a0a] - page.customHeaders:  - {}
[INFO  - 2018-01-20T11:07:52.683Z] Session [28c09a40-fdd2-11e7-b851-edcb2da59a0a] - Session.negotiatedCapabilities - {"browserName":"phantomjs","version":"2.1.1","driverName":"ghostdriver","driverVersion":"1.2.0","platform":"windows-10-32bit","javascriptEnabled":true,"takesScreenshot":true,"handlesAlerts":false,"databaseEnabled":false,"locationContextEnabled":false,"applicationCacheEnabled":false,"browserConnectionEnabled":false,"cssSelectorsEnabled":true,"webStorageEnabled":false,"rotatable":false,"acceptSslCerts":false,"nativeEvents":true,"proxy":{"proxyType":"direct"}}
[INFO  - 2018-01-20T11:07:52.683Z] SessionManagerReqHand - _postNewSessionCommand - New Session Created: 28c09a40-fdd2-11e7-b851-edcb2da59a0a
[INFO  - 2018-01-20T11:12:52.689Z] SessionManagerReqHand - _cleanupWindowlessSessions - Asynchronous Sessions clean-up phase starting NOW
[INFO  - 2018-01-20T11:17:52.689Z] SessionManagerReqHand - _cleanupWindowlessSessions - Asynchronous Sessions clean-up phase starting NOW
[INFO  - 2018-01-20T11:22:52.690Z] SessionManagerReqHand - _cleanupWindowlessSessions - Asynchronous Sessions clean-up phase starting NOW
[INFO  - 2018-01-20T11:27:52.689Z] SessionManagerReqHand - _cleanupWindowlessSessions - Asynchronous Sessions clean-up phase starting NOW
[INFO  - 2018-01-20T11:32:52.689Z] SessionManagerReqHand - _cleanupWindowlessSessions - Asynchronous Sessions clean-up phase starting NOW
[INFO  - 2018-01-20T11:37:52.690Z] SessionManagerReqHand - _cleanupWindowlessSessions - Asynchronous Sessions clean-up phase starting NOW
[INFO  - 2018-01-20T11:49:13.806Z] SessionManagerReqHand - _cleanupWindowlessSessions - Asynchronous Sessions clean-up phase starting NOW
[INFO  - 2018-01-20T11:54:13.802Z] SessionManagerReqHand - _cleanupWindowlessSessions - Asynchronous Sessions clean-up phase starting NOW
[INFO  - 2018-01-20T11:59:13.802Z] SessionManagerReqHand - _cleanupWindowlessSessions - Asynchronous Sessions clean-up phase starting NOW
[INFO  - 2018-01-20T12:04:13.802Z] SessionManagerReqHand - _cleanupWindowlessSessions - Asynchronous Sessions clean-up phase starting NOW
[INFO  - 2018-01-20T12:09:13.804Z] SessionManagerReqHand - _cleanupWindowlessSessions - Asynchronous Sessions clean-up phase starting NOW
[INFO  - 2018-01-20T12:14:13.817Z] SessionManagerReqHand - _cleanupWindowlessSessions - Asynchronous Sessions clean-up phase starting NOW
[INFO  - 2018-01-20T12:19:13.822Z] SessionManagerReqHand - _cleanupWindowlessSessions - Asynchronous Sessions clean-up phase starting NOW
[INFO  - 2018-01-20T12:24:13.822Z] SessionManagerReqHand - _cleanupWindowlessSessions - Asynchronous Sessions clean-up phase starting NOW
[INFO  - 2018-01-20T12:29:13.822Z] SessionManagerReqHand - _cleanupWindowlessSessions - Asynchronous Sessions clean-up phase starting NOW
